<?xml version="1.0" encoding="UTF-8"?>
<!-- Generated by org.testng.reporters.JUnitReportReporter -->
<testsuite hostname="DESKTOP-PE4KTON" failures="0" tests="1" name="demo.test.LoginTest" time="3.825" errors="0" timestamp="2024-09-07T21:24:18 IST" skipped="0">
  <testcase classname="demo.test.LoginTest" name="loginTest" time="3.825"/>
</testsuite> <!-- demo.test.LoginTest -->
