<?xml version="1.0" encoding="UTF-8"?>
<!-- Generated by org.testng.reporters.JUnitReportReporter -->
<testsuite hostname="DESKTOP-PE4KTON" failures="0" tests="1" name="demo.test.LoginTest" time="7.102" errors="0" timestamp="2024-09-08T00:12:26 IST" skipped="0">
  <testcase classname="demo.test.LoginTest" name="loginTest" time="7.102"/>
</testsuite> <!-- demo.test.LoginTest -->
